#
# A fatal error has been detected by the Java Runtime Environment:
#
#  EXCEPTION_ACCESS_VIOLATION (0xc0000005) at pc=0x77a795f5, pid=7608, tid=0x0000256c
#
# JRE version: Java(TM) SE Runtime Environment (8.0_191-b12) (build 1.8.0_191-b12)
# Java VM: Java HotSpot(TM) Client VM (25.191-b12 mixed mode windows-x86 )
# Problematic frame:
# C  [ntdll.dll+0x495f5]
[error occurred during error reporting (printing problematic frame), id 0xc0000005]

# Failed to write core dump. Minidumps are not enabled by default on client versions of Windows
#
# If you would like to submit a bug report, please visit:
#   http://bugreport.java.com/bugreport/crash.jsp
#

---------------  T H R E A D  ---------------

Current thread (0x25cf0c00):  VMThread [stack: 0x04a90000,0x04ae0000] [id=9580]

siginfo: ExceptionCode=0xc0000005, reading address 0x005f000c

Registers:
EAX=0x04adf03c, EBX=0x00000000, ECX=0x005f0000, EDX=0x00000000
ESP=0x04adefd8, EBP=0x04adf014, ESI=0x005f0000, EDI=0x00000002
EIP=0x77a795f5, EFLAGS=0x00010202

Top of Stack: (sp=0x04adefd8)
0x04adefd8:   00000002 005f0000 00000000 04adf03c
0x04adefe8:   04adf040 00000000 00000000 00000000
0x04adeff8:   00000006 00000002 00000000 00000000
0x04adf008:   00000000 584db6df 00000000 04adf074
0x04adf018:   77a792e2 00000002 04adf040 04adf03c
0x04adf028:   00000000 04adf160 04adf1cc 00000000
0x04adf038:   00000000 00000000 00000000 00795000
0x04adf048:   007b0000 00000000 ffffffff 00000000 

Instructions: (pc=0x77a795f5)
0x77a795d5:   83 ec 30 a1 70 43 b6 77 33 c5 89 45 f8 8b 45 0c
0x77a795e5:   53 56 8b f1 89 45 d4 8b 45 10 8b da 57 89 45 d0
0x77a795f5:   8b 7e 0c 83 ff 20 0f 82 5e c5 05 00 83 7e 04 20
0x77a79605:   0f 82 54 c5 05 00 85 db 0f 85 f3 c3 05 00 8b 46 


Register to memory mapping:

EAX=
[error occurred during error reporting (printing register info), id 0xc0000005]

Stack: [0x04a90000,0x04ae0000],  sp=0x04adefd8,  free space=315k
Native frames: (J=compiled Java code, j=interpreted, Vv=VM code, C=native code)
C  [ntdll.dll+0x495f5]
[error occurred during error reporting (printing native stack), id 0xc0000005]

VM_Operation (0x2915e6e0): Exit, mode: safepoint, requested by thread 0x285e4000


---------------  P R O C E S S  ---------------

Java Threads: ( => current thread )
  0x29f8c800 JavaThread "DeleteFilesOnShutdown" [_thread_blocked, id=7136, stack(0x270a0000,0x270f0000)]
  0x29f8bc00 JavaThread "JmDNS(portable.local.).State.Timer" [_thread_blocked, id=12448, stack(0x2b330000,0x2b380000)]
  0x29f89000 JavaThread "JmDNS(portable.local.).Timer" daemon [_thread_blocked, id=13088, stack(0x2b2a0000,0x2b2f0000)]
  0x29f8a400 JavaThread "SocketListener(portable.local.)" daemon [_thread_blocked, id=4380, stack(0x2ad60000,0x2adb0000)]
  0x2872a800 JavaThread "JmDNS(portable.local.).State.Timer" [_thread_blocked, id=3580, stack(0x028d0000,0x02920000)]
  0x28729400 JavaThread "JmDNS(portable.local.).Timer" daemon [_thread_blocked, id=11664, stack(0x027e0000,0x02830000)]
  0x28729000 JavaThread "SocketListener(portable.local.)" daemon [_thread_in_native, id=6992, stack(0x00dd0000,0x00e20000)]
  0x2872b400 JavaThread "DestroyJavaVM" [_thread_blocked, id=2556, stack(0x00e60000,0x00eb0000)]
  0x2872c000 JavaThread "TimerQueue" daemon [_thread_blocked, id=1484, stack(0x2acd0000,0x2ad20000)]
  0x26700c00 JavaThread "Batik CleanerThread" daemon [_thread_blocked, id=6064, stack(0x292e0000,0x29330000)]
  0x285e4000 JavaThread "AWT-EventQueue-0" [_thread_blocked, id=12624, stack(0x29110000,0x29160000)]
  0x285e3800 JavaThread "AWT-Shutdown" [_thread_blocked, id=13172, stack(0x29080000,0x290d0000)]
  0x28480400 JavaThread "Multihomed mDNS.Timer" daemon [_thread_blocked, id=8280, stack(0x26ae0000,0x26b30000)]
  0x266bc000 JavaThread "Java2D Disposer" daemon [_thread_blocked, id=9872, stack(0x24c40000,0x24c90000)]
  0x25d48c00 JavaThread "Service Thread" daemon [_thread_blocked, id=10068, stack(0x26340000,0x26390000)]
  0x25d21c00 JavaThread "C1 CompilerThread0" daemon [_thread_blocked, id=1772, stack(0x262b0000,0x26300000)]
  0x25d20c00 JavaThread "Attach Listener" daemon [_thread_blocked, id=13292, stack(0x26220000,0x26270000)]
  0x25d1d000 JavaThread "Signal Dispatcher" daemon [_thread_blocked, id=7920, stack(0x26190000,0x261e0000)]
  0x25d0c800 JavaThread "Finalizer" daemon [_thread_blocked, id=9196, stack(0x25fc0000,0x26010000)]
  0x25d06800 JavaThread "Reference Handler" daemon [_thread_blocked, id=928, stack(0x25f30000,0x25f80000)]

Other Threads:
=>0x25cf0c00 VMThread [stack: 0x04a90000,0x04ae0000] [id=9580]

VM state:at safepoint (shutting down)

VM Mutex/Monitor currently owned by a thread:  ([mutex/lock_event])
[0x0288e158] Threads_lock - owner thread: 0x25cf0c00

Heap:
 def new generation   total 151488K, used 124228K [0x04c00000, 0x0f060000, 0x0f6a0000)
  eden space 134656K,  79% used [0x04c00000, 0x0b4e1388, 0x0cf80000)
  from space 16832K, 100% used [0x0dff0000, 0x0f060000, 0x0f060000)
  to   space 16832K,   0% used [0x0cf80000, 0x0cf80000, 0x0dff0000)
 tenured generation   total 336516K, used 264268K [0x0f6a0000, 0x23f41000, 0x24c00000)
   the space 336516K,  78% used [0x0f6a0000, 0x1f8b3088, 0x1f8b3200, 0x23f41000)
 Metaspace       used 21518K, capacity 22108K, committed 22144K, reserved 22912K

Card table byte_map: [0x04af0000,0x04c00000] byte_map_base: 0x04aca000

Polling page: 0x00d30000

CodeCache: size=32768Kb used=2905Kb max_used=4861Kb free=29862Kb
 bounds [0x02a50000, 0x02f18000, 0x04a50000]
 total_blobs=1599 nmethods=1321 adapters=208
 compilation: enabled

Compilation events (10 events):
Event: 2187.143 Thread 0x25d21c00 3054             sun.nio.cs.UTF_8$Decoder::decode (779 bytes)
Event: 2187.145 Thread 0x25d21c00 nmethod 3054 0x02c95688 code [0x02c959f0, 0x02c97080]
Event: 2187.145 Thread 0x25d21c00 3055             java.lang.String::replace (127 bytes)
Event: 2187.146 Thread 0x25d21c00 nmethod 3055 0x02b19588 code [0x02b196a0, 0x02b19920]
Event: 2187.146 Thread 0x25d21c00 3056             java.lang.String::lastIndexOf (52 bytes)
Event: 2187.146 Thread 0x25d21c00 nmethod 3056 0x02c2f688 code [0x02c2f790, 0x02c2f89c]
Event: 2187.146 Thread 0x25d21c00 3057             java.lang.String::compareTo (78 bytes)
Event: 2187.147 Thread 0x25d21c00 nmethod 3057 0x02c95308 code [0x02c95410, 0x02c95530]
Event: 2187.147 Thread 0x25d21c00 3058             sun.nio.cs.UTF_8$Encoder::encodeArrayLoop (489 bytes)
Event: 2187.148 Thread 0x25d21c00 nmethod 3058 0x02cd7348 code [0x02cd7690, 0x02cd838c]

GC Heap History (10 events):
Event: 8.402 GC heap before
{Heap before GC invocations=9 (full 1):
 def new generation   total 77824K, used 57061K [0x04c00000, 0x0a070000, 0x0f6a0000)
  eden space 69184K,  74% used [0x04c00000, 0x07e98a00, 0x08f90000)
  from space 8640K,  60% used [0x09800000, 0x09d20bc0, 0x0a070000)
  to   space 8640K,   0% used [0x08f90000, 0x08f90000, 0x09800000)
 tenured generation   total 172792K, used 116957K [0x0f6a0000, 0x19f5e000, 0x24c00000)
   the space 172792K,  67% used [0x0f6a0000, 0x168d7468, 0x168d7600, 0x19f5e000)
 Metaspace       used 19524K, capacity 19983K, committed 20056K, reserved 20864K
Event: 8.584 GC heap after
Heap after GC invocations=10 (full 2):
 def new generation   total 102464K, used 0K [0x04c00000, 0x0bb20000, 0x0f6a0000)
  eden space 91136K,   0% used [0x04c00000, 0x04c00000, 0x0a500000)
  from space 11328K,   0% used [0x0a500000, 0x0a500000, 0x0b010000)
  to   space 11328K,   0% used [0x0b010000, 0x0b010000, 0x0bb20000)
 tenured generation   total 227448K, used 136466K [0x0f6a0000, 0x1d4be000, 0x24c00000)
   the space 227448K,  59% used [0x0f6a0000, 0x17be49b0, 0x17be4a00, 0x1d4be000)
 Metaspace       used 19524K, capacity 19983K, committed 20056K, reserved 20864K
}
Event: 70.109 GC heap before
{Heap before GC invocations=10 (full 2):
 def new generation   total 102464K, used 86769K [0x04c00000, 0x0bb20000, 0x0f6a0000)
  eden space 91136K,  95% used [0x04c00000, 0x0a0bc568, 0x0a500000)
  from space 11328K,   0% used [0x0a500000, 0x0a500000, 0x0b010000)
  to   space 11328K,   0% used [0x0b010000, 0x0b010000, 0x0bb20000)
 tenured generation   total 227448K, used 136466K [0x0f6a0000, 0x1d4be000, 0x24c00000)
   the space 227448K,  59% used [0x0f6a0000, 0x17be49b0, 0x17be4a00, 0x1d4be000)
 Metaspace       used 20891K, capacity 21440K, committed 21504K, reserved 21888K
Event: 70.125 GC heap after
Heap after GC invocations=11 (full 2):
 def new generation   total 102464K, used 1857K [0x04c00000, 0x0bb20000, 0x0f6a0000)
  eden space 91136K,   0% used [0x04c00000, 0x04c00000, 0x0a500000)
  from space 11328K,  16% used [0x0b010000, 0x0b1e0788, 0x0bb20000)
  to   space 11328K,   0% used [0x0a500000, 0x0a500000, 0x0b010000)
 tenured generation   total 227448K, used 152514K [0x0f6a0000, 0x1d4be000, 0x24c00000)
   the space 227448K,  67% used [0x0f6a0000, 0x18b909c0, 0x18b90a00, 0x1d4be000)
 Metaspace       used 20891K, capacity 21440K, committed 21504K, reserved 21888K
}
Event: 70.157 GC heap before
{Heap before GC invocations=11 (full 2):
 def new generation   total 102464K, used 34338K [0x04c00000, 0x0bb20000, 0x0f6a0000)
  eden space 91136K,  35% used [0x04c00000, 0x06bb8448, 0x0a500000)
  from space 11328K,  16% used [0x0b010000, 0x0b1e0788, 0x0bb20000)
  to   space 11328K,   0% used [0x0a500000, 0x0a500000, 0x0b010000)
 tenured generation   total 227448K, used 152514K [0x0f6a0000, 0x1d4be000, 0x24c00000)
   the space 227448K,  67% used [0x0f6a0000, 0x18b909c0, 0x18b90a00, 0x1d4be000)
 Metaspace       used 20891K, capacity 21440K, committed 21504K, reserved 21888K
Event: 70.203 GC heap after
Heap after GC invocations=12 (full 2):
 def new generation   total 102464K, used 1301K [0x04c00000, 0x0bb20000, 0x0f6a0000)
  eden space 91136K,   0% used [0x04c00000, 0x04c00000, 0x0a500000)
  from space 11328K,  11% used [0x0a500000, 0x0a645640, 0x0b010000)
  to   space 11328K,   0% used [0x0b010000, 0x0b010000, 0x0bb20000)
 tenured generation   total 227448K, used 184610K [0x0f6a0000, 0x1d4be000, 0x24c00000)
   the space 227448K,  81% used [0x0f6a0000, 0x1aae89d0, 0x1aae8a00, 0x1d4be000)
 Metaspace       used 20891K, capacity 21440K, committed 21504K, reserved 21888K
}
Event: 70.229 GC heap before
{Heap before GC invocations=12 (full 2):
 def new generation   total 102464K, used 65493K [0x04c00000, 0x0bb20000, 0x0f6a0000)
  eden space 91136K,  70% used [0x04c00000, 0x08ab0010, 0x0a500000)
  from space 11328K,  11% used [0x0a500000, 0x0a645640, 0x0b010000)
  to   space 11328K,   0% used [0x0b010000, 0x0b010000, 0x0bb20000)
 tenured generation   total 227448K, used 184610K [0x0f6a0000, 0x1d4be000, 0x24c00000)
   the space 227448K,  81% used [0x0f6a0000, 0x1aae89d0, 0x1aae8a00, 0x1d4be000)
 Metaspace       used 20891K, capacity 21440K, committed 21504K, reserved 21888K
Event: 70.593 GC heap after
Heap after GC invocations=13 (full 3):
 def new generation   total 151488K, used 0K [0x04c00000, 0x0f060000, 0x0f6a0000)
  eden space 134656K,   0% used [0x04c00000, 0x04c00000, 0x0cf80000)
  from space 16832K,   0% used [0x0cf80000, 0x0cf80000, 0x0dff0000)
  to   space 16832K,   0% used [0x0dff0000, 0x0dff0000, 0x0f060000)
 tenured generation   total 336516K, used 201908K [0x0f6a0000, 0x23f41000, 0x24c00000)
   the space 336516K,  59% used [0x0f6a0000, 0x1bbcd348, 0x1bbcd400, 0x23f41000)
 Metaspace       used 20891K, capacity 21440K, committed 21504K, reserved 21888K
}
Event: 73.324 GC heap before
{Heap before GC invocations=13 (full 3):
 def new generation   total 151488K, used 134656K [0x04c00000, 0x0f060000, 0x0f6a0000)
  eden space 134656K, 100% used [0x04c00000, 0x0cf80000, 0x0cf80000)
  from space 16832K,   0% used [0x0cf80000, 0x0cf80000, 0x0dff0000)
  to   space 16832K,   0% used [0x0dff0000, 0x0dff0000, 0x0f060000)
 tenured generation   total 336516K, used 201908K [0x0f6a0000, 0x23f41000, 0x24c00000)
   the space 336516K,  59% used [0x0f6a0000, 0x1bbcd348, 0x1bbcd400, 0x23f41000)
 Metaspace       used 20891K, capacity 21440K, committed 21504K, reserved 21888K
Event: 73.460 GC heap after
Heap after GC invocations=14 (full 3):
 def new generation   total 151488K, used 16832K [0x04c00000, 0x0f060000, 0x0f6a0000)
  eden space 134656K,   0% used [0x04c00000, 0x04c00000, 0x0cf80000)
  from space 16832K, 100% used [0x0dff0000, 0x0f060000, 0x0f060000)
  to   space 16832K,   0% used [0x0cf80000, 0x0cf80000, 0x0dff0000)
 tenured generation   total 336516K, used 264268K [0x0f6a0000, 0x23f41000, 0x24c00000)
   the space 336516K,  78% used [0x0f6a0000, 0x1f8b3088, 0x1f8b3200, 0x23f41000)
 Metaspace       used 20891K, capacity 21440K, committed 21504K, reserved 21888K
}

Deoptimization events (0 events):
No events

Classes redefined (0 events):
No events

Internal exceptions (10 events):
Event: 1741.841 Thread 0x29f8ec00 Exception <a 'java/io/IOException'> (0x095ae308) thrown at [C:\workspace\8-2-build-windows-i586-cygwin\jdk8u191\11896\hotspot\src\share\vm\prims\jni.cpp, line 709]
Event: 1741.841 Thread 0x29f8ec00 Exception <a 'java/io/IOException'> (0x095ae690) thrown at [C:\workspace\8-2-build-windows-i586-cygwin\jdk8u191\11896\hotspot\src\share\vm\prims\jni.cpp, line 709]
Event: 1741.841 Thread 0x29f8ec00 Exception <a 'java/io/IOException'> (0x095ae8d8) thrown at [C:\workspace\8-2-build-windows-i586-cygwin\jdk8u191\11896\hotspot\src\share\vm\prims\jni.cpp, line 709]
Event: 1751.014 Thread 0x29f8dc00 Exception <a 'java/io/IOException'> (0x09852290) thrown at [C:\workspace\8-2-build-windows-i586-cygwin\jdk8u191\11896\hotspot\src\share\vm\prims\jni.cpp, line 709]
Event: 1751.014 Thread 0x29f8dc00 Exception <a 'java/io/IOException'> (0x09852650) thrown at [C:\workspace\8-2-build-windows-i586-cygwin\jdk8u191\11896\hotspot\src\share\vm\prims\jni.cpp, line 709]
Event: 1751.014 Thread 0x29f8dc00 Exception <a 'java/io/IOException'> (0x09852898) thrown at [C:\workspace\8-2-build-windows-i586-cygwin\jdk8u191\11896\hotspot\src\share\vm\prims\jni.cpp, line 709]
Event: 1751.015 Thread 0x29f8dc00 Exception <a 'java/io/IOException'> (0x09857388) thrown at [C:\workspace\8-2-build-windows-i586-cygwin\jdk8u191\11896\hotspot\src\share\vm\prims\jni.cpp, line 709]
Event: 1751.015 Thread 0x29f8dc00 Exception <a 'java/io/IOException'> (0x09857710) thrown at [C:\workspace\8-2-build-windows-i586-cygwin\jdk8u191\11896\hotspot\src\share\vm\prims\jni.cpp, line 709]
Event: 1751.015 Thread 0x29f8dc00 Exception <a 'java/io/IOException'> (0x09857958) thrown at [C:\workspace\8-2-build-windows-i586-cygwin\jdk8u191\11896\hotspot\src\share\vm\prims\jni.cpp, line 709]
Event: 2187.142 Thread 0x285e4000 Exception <a 'java/lang/NullPointerException'> (0x0b34f7a0) thrown at [C:\workspace\8-2-build-windows-i586-cygwin\jdk8u191\11896\hotspot\src\share\vm\interpreter\linkResolver.cpp, line 1185]

Events (10 events):
Event: 2187.148 Thread 0x29f88400 Thread added: 0x29f88400
Event: 2187.148 Thread 0x29f8a800 Thread added: 0x29f8a800
Event: 2187.148 Thread 0x28489400 Thread exited: 0x28489400
Event: 2187.148 loading class javax/jmdns/impl/tasks/state/Canceler
Event: 2187.148 loading class javax/jmdns/impl/tasks/state/Canceler done
Event: 2187.148 Thread 0x29f88400 Thread exited: 0x29f88400
Event: 2187.149 Thread 0x29f89c00 Thread exited: 0x29f89c00
Event: 2187.186 Thread 0x266bd400 Thread exited: 0x266bd400
Event: 2187.254 Thread 0x29f8a800 Thread exited: 0x29f8a800
Event: 2187.352 Executing VM operation: Exit


Dynamic libraries:
0x00d50000 - 0x00d83000 	C:\Program Files (x86)\Arduino\java\bin\javaw.exe
0x77a30000 - 0x77be2000 	C:\WINDOWS\SYSTEM32\ntdll.dll
0x75fe0000 - 0x760d0000 	C:\WINDOWS\System32\KERNEL32.DLL
0x760d0000 - 0x76366000 	C:\WINDOWS\System32\KERNELBASE.dll
0x75710000 - 0x7578e000 	C:\WINDOWS\System32\ADVAPI32.dll
0x75b40000 - 0x75c04000 	C:\WINDOWS\System32\msvcrt.dll
0x759e0000 - 0x75a64000 	C:\WINDOWS\System32\sechost.dll
0x778e0000 - 0x778fa000 	C:\WINDOWS\System32\bcrypt.dll
0x75a70000 - 0x75b2c000 	C:\WINDOWS\System32\RPCRT4.dll
0x75c20000 - 0x75dcc000 	C:\WINDOWS\System32\USER32.dll
0x759c0000 - 0x759da000 	C:\WINDOWS\System32\win32u.dll
0x756e0000 - 0x75702000 	C:\WINDOWS\System32\GDI32.dll
0x767e0000 - 0x768c6000 	C:\WINDOWS\System32\gdi32full.dll
0x75790000 - 0x75809000 	C:\WINDOWS\System32\msvcp_win.dll
0x772f0000 - 0x77402000 	C:\WINDOWS\System32\ucrtbase.dll
0x72c40000 - 0x72e6f000 	C:\WINDOWS\WinSxS\x86_microsoft.windows.common-controls_6595b64144ccf1df_6.0.22621.6060_none_6ec0247887fefb51\COMCTL32.dll
0x76370000 - 0x76395000 	C:\WINDOWS\System32\IMM32.DLL
0x74380000 - 0x7443f000 	C:\Program Files (x86)\Arduino\java\bin\msvcr100.dll
0x71610000 - 0x719e3000 	C:\Program Files (x86)\Arduino\java\bin\client\jvm.dll
0x75c10000 - 0x75c16000 	C:\WINDOWS\System32\PSAPI.DLL
0x75520000 - 0x75528000 	C:\WINDOWS\SYSTEM32\VERSION.dll
0x73fa0000 - 0x73fd1000 	C:\WINDOWS\SYSTEM32\WINMM.dll
0x74580000 - 0x74588000 	C:\WINDOWS\SYSTEM32\WSOCK32.dll
0x77810000 - 0x7786f000 	C:\WINDOWS\System32\WS2_32.dll
0x74550000 - 0x74580000 	C:\Program Files (x86)\Arduino\java\bin\splashscreen.dll
0x73a20000 - 0x73aa4000 	C:\WINDOWS\system32\uxtheme.dll
0x77570000 - 0x777f3000 	C:\WINDOWS\System32\combase.dll
0x74540000 - 0x7454c000 	C:\Program Files (x86)\Arduino\java\bin\verify.dll
0x74350000 - 0x74372000 	C:\Program Files (x86)\Arduino\java\bin\java.dll
0x755d0000 - 0x756d9000 	C:\WINDOWS\System32\MSCTF.dll
0x74520000 - 0x74534000 	C:\Program Files (x86)\Arduino\java\bin\zip.dll
0x75490000 - 0x754a3000 	C:\WINDOWS\SYSTEM32\kernel.appcore.dll
0x77870000 - 0x778d3000 	C:\WINDOWS\System32\bcryptPrimitives.dll
0x72320000 - 0x72416000 	C:\WINDOWS\SYSTEM32\textinputframework.dll
0x75530000 - 0x755cd000 	C:\WINDOWS\System32\OLEAUT32.dll
0x74440000 - 0x7450d000 	C:\WINDOWS\SYSTEM32\CoreMessaging.dll
0x719f0000 - 0x71c81000 	C:\WINDOWS\SYSTEM32\CoreUIComponents.dll
0x77220000 - 0x772e7000 	C:\WINDOWS\System32\wintypes.dll
0x74d40000 - 0x74d4b000 	C:\WINDOWS\SYSTEM32\CRYPTBASE.DLL
0x76b50000 - 0x7721e000 	C:\WINDOWS\System32\SHELL32.dll
0x745a0000 - 0x74cac000 	C:\WINDOWS\SYSTEM32\windows.storage.dll
0x75810000 - 0x758de000 	C:\WINDOWS\System32\SHCORE.dll
0x77900000 - 0x77954000 	C:\WINDOWS\System32\shlwapi.dll
0x741d0000 - 0x741ec000 	C:\WINDOWS\SYSTEM32\profapi.dll
0x61940000 - 0x619b3000 	C:\Program Files (x86)\Arduino\lib\listSerialsj.dll
0x763a0000 - 0x767dd000 	C:\WINDOWS\System32\SETUPAPI.dll
0x736e0000 - 0x7371d000 	C:\WINDOWS\SYSTEM32\cfgmgr32.DLL
0x74240000 - 0x7425d000 	C:\Program Files (x86)\Arduino\lib\jnidispatch-4.2.2-win32-x86.dll
0x77410000 - 0x77561000 	C:\WINDOWS\System32\Ole32.dll
0x74220000 - 0x74235000 	C:\Program Files (x86)\Arduino\java\bin\net.dll
0x74df0000 - 0x74e41000 	C:\WINDOWS\system32\mswsock.dll
0x74340000 - 0x7434f000 	C:\Program Files (x86)\Arduino\java\bin\nio.dll
0x73d90000 - 0x73ed7000 	C:\Program Files (x86)\Arduino\java\bin\awt.dll
0x73270000 - 0x73316000 	C:\WINDOWS\SYSTEM32\apphelp.dll
0x73030000 - 0x73054000 	C:\WINDOWS\system32\DWMAPI.DLL
0x74170000 - 0x741a9000 	C:\Program Files (x86)\Arduino\java\bin\fontmanager.dll
0x73190000 - 0x73270000 	C:\WINDOWS\system32\opengl32.dll
0x74040000 - 0x74082000 	C:\WINDOWS\SYSTEM32\GLU32.dll
0x741f0000 - 0x7421d000 	C:\WINDOWS\SYSTEM32\dxcore.dll
0x74000000 - 0x74032000 	C:\Program Files (x86)\Arduino\java\bin\t2k.dll
0x73d60000 - 0x73d84000 	C:\WINDOWS\SYSTEM32\DEVOBJ.dll
0x75950000 - 0x759b6000 	C:\WINDOWS\System32\WINTRUST.dll
0x75ed0000 - 0x75fd4000 	C:\WINDOWS\System32\CRYPT32.dll
0x74de0000 - 0x74dee000 	C:\WINDOWS\SYSTEM32\MSASN1.dll
0x75310000 - 0x75334000 	C:\WINDOWS\SYSTEM32\IPHLPAPI.DLL
0x77800000 - 0x77807000 	C:\WINDOWS\System32\NSI.dll
0x73fe0000 - 0x73ff6000 	C:\WINDOWS\SYSTEM32\dhcpcsvc6.DLL
0x73d40000 - 0x73d57000 	C:\WINDOWS\SYSTEM32\dhcpcsvc.DLL
0x73ee0000 - 0x73f9c000 	C:\WINDOWS\SYSTEM32\DNSAPI.dll
0x73d20000 - 0x73d32000 	C:\WINDOWS\system32\napinsp.dll
0x73d00000 - 0x73d16000 	C:\WINDOWS\system32\pnrpnsp.dll
0x73c70000 - 0x73c7e000 	C:\WINDOWS\System32\winrnr.dll
0x73c50000 - 0x73c61000 	C:\WINDOWS\system32\wshbth.dll
0x73170000 - 0x73188000 	C:\WINDOWS\system32\nlansp_c.dll
0x73100000 - 0x73169000 	C:\Program Files (x86)\Arduino\msvcp100.dll
0x72ea0000 - 0x72f5e000 	C:\Program Files (x86)\Arduino\msvcr100.dll
0x29160000 - 0x29192000 	C:\Program Files (x86)\Arduino\lib\AStylej.dll
0x72ff0000 - 0x73014000 	C:\Program Files (x86)\Arduino\java\bin\dcpr.dll
0x76a40000 - 0x76ac2000 	C:\WINDOWS\System32\clbcatq.dll
0x71fb0000 - 0x72112000 	C:\WINDOWS\SYSTEM32\WindowsCodecs.dll
0x730e0000 - 0x73100000 	C:\Program Files (x86)\Arduino\java\bin\sunec.dll
0x713b0000 - 0x7140e000 	C:\WINDOWS\System32\fwpuclnt.dll
0x74590000 - 0x74598000 	C:\Windows\System32\rasadhlp.dll
0x74d90000 - 0x74da6000 	C:\WINDOWS\SYSTEM32\CRYPTSP.dll
0x74d50000 - 0x74d82000 	C:\WINDOWS\system32\rsaenh.dll
0x754f0000 - 0x7550f000 	C:\WINDOWS\SYSTEM32\USERENV.dll
0x72fe0000 - 0x72fe9000 	C:\Program Files (x86)\Arduino\java\bin\sunmscapi.dll
0x753a0000 - 0x75482000 	C:\WINDOWS\system32\pmls.dll
0x75340000 - 0x753a0000 	C:\WINDOWS\system32\OLEACC.dll
0x74e80000 - 0x7530e000 	C:\WINDOWS\system32\WININET.dll
0x74e50000 - 0x74e79000 	C:\WINDOWS\SYSTEM32\ntmarta.dll
0x72810000 - 0x728e6000 	C:\WINDOWS\SYSTEM32\winhttp.dll
0x73060000 - 0x730df000 	C:\WINDOWS\SYSTEM32\Schannel.dll
0x74110000 - 0x74136000 	C:\WINDOWS\SYSTEM32\SSPICLI.DLL

VM Arguments:
jvm_args: -Dsun.java2d.d3d=false -Djna.nosys=true -Djna.nounpack=true -Djna.boot.library.name=jnidispatch-4.2.2-win32-x86 -Djna.boot.library.path=C:\Program Files (x86)\Arduino/lib -Djssc.library.path=C:\Program Files (x86)\Arduino/lib -DAPP_DIR=C:\Program Files (x86)\Arduino -Xms128M -Xmx512M -Dfile.encoding=UTF8 -Djava.net.preferIPv4Stack=true 
java_command: processing.app.Base D:\documents\jean jacques\github\solar-panel-optimizer\PowerRouter_v3.3_mqtt\PowerRouter_v3.3_mqtt.ino
java_class_path (initial): C:\Program Files (x86)\Arduino\lib\apple.jar;C:\Program Files (x86)\Arduino\lib\arduino-core.jar;C:\Program Files (x86)\Arduino\lib\batik-1.8.jar;C:\Program Files (x86)\Arduino\lib\batik-anim-1.8.jar;C:\Program Files (x86)\Arduino\lib\batik-awt-util-1.8.jar;C:\Program Files (x86)\Arduino\lib\batik-bridge-1.8.jar;C:\Program Files (x86)\Arduino\lib\batik-codec-1.8.jar;C:\Program Files (x86)\Arduino\lib\batik-css-1.8.jar;C:\Program Files (x86)\Arduino\lib\batik-dom-1.8.jar;C:\Program Files (x86)\Arduino\lib\batik-ext-1.8.jar;C:\Program Files (x86)\Arduino\lib\batik-gvt-1.8.jar;C:\Program Files (x86)\Arduino\lib\batik-parser-1.8.jar;C:\Program Files (x86)\Arduino\lib\batik-rasterizer-1.8.jar;C:\Program Files (x86)\Arduino\lib\batik-script-1.8.jar;C:\Program Files (x86)\Arduino\lib\batik-squiggle-1.8.jar;C:\Program Files (x86)\Arduino\lib\batik-svg-dom-1.8.jar;C:\Program Files (x86)\Arduino\lib\batik-svgpp-1.8.jar;C:\Program Files (x86)\Arduino\lib\batik-transcoder-1.8.jar;C:\Program Files (x86)\Arduino\lib\batik-util-1.8.jar;C:\Program Files (x86)\Arduino\lib\batik-xml-1.8.jar;C:\Program Files (x86)\Arduino\lib\bcpg-jdk15on-152.jar;C:\Program Files (x86)\Arduino\lib\bcprov-jdk15on-152.jar;C:\Program Files (x86)\Arduino\lib\commons-codec-1.7.jar;C:\Program Files (x86)\Arduino\lib\commons-compress-1.8.jar;C:\Program Files (x86)\Arduino\lib\commons-exec-1.1.jar;C:\Program Files (x86)\Arduino\lib\commons-httpclient-3.1.jar;C:\Program Files (x86)\Arduino\lib\commons-lang3-3.8.1.jar;C:\Program Files (x86)\Arduino\lib\commons-logging-1.0.4.jar;C:\Program Files (x86)\Arduino\lib\commons-net-3.3.jar;C:\Program Files (x86)\Arduino\lib\commons-io-2.6.jar;C:\Program Files (x86)\Arduino\lib\jackson-annotations-2.9.5.jar;C:\Program Files (x86)\Arduino\lib\jackson-core-2.9.5.jar;C:\Program Files (x86)\Arduino\lib\jackson-databind-2.9.5.jar;C:\Program Files (x86)\Arduino\lib\java-semver-0.8.0.jar;C:\Program Files (x86)\Arduino\lib\jmdns-3.5.5.jar;C:\Program
Launcher Type: SUN_STANDARD

Environment Variables:
PATH=C:\WINDOWS\system32;C:\WINDOWS;C:\WINDOWS\System32\Wbem;C:\WINDOWS\System32\WindowsPowerShell\v1.0\;C:\WINDOWS\System32\OpenSSH\;C:\Users\jj\AppData\Local\Microsoft\WindowsApps;C:\Users\jj\AppData\Local\Programs\Microsoft VS Code\bin;C:\Users\jj\AppData\Local\GitHubDesktop\bin;;C:\Program Files (x86)\Arduino\java\bin
USERNAME=jj
OS=Windows_NT
PROCESSOR_IDENTIFIER=Intel64 Family 6 Model 69 Stepping 1, GenuineIntel



---------------  S Y S T E M  ---------------

OS:
[error occurred during error reporting (printing OS information), id 0xc0000005]

CPU:total 4 (initial active 4) (2 cores per cpu, 2 threads per core) family 6 model 69 stepping 1, cmov, cx8, fxsr, mmx, sse, sse2, sse3, ssse3, sse4.1, sse4.2, popcnt, avx, avx2, aes, clmul, erms, lzcnt, ht, tsc, tscinvbit, bmi1, bmi2

Memory: 4k page, physical 8291728k(3686440k free), swap 8816016k(3286468k free)

vm_info: Java HotSpot(TM) Client VM (25.191-b12) for windows-x86 JRE (1.8.0_191-b12), built on Oct  6 2018 08:34:23 by "java_re" with MS VC++ 10.0 (VS2010)

time: Thu Mar 19 12:31:47 2026
elapsed time: 2187 seconds (0d 0h 36m 27s)

